<?xml version="1.0" encoding="UTF-8"?>
<!-- Generated by org.testng.reporters.JUnitReportReporter -->
<testsuite skipped="1" hostname="DESKTOP-DP4FKH7" name="automation.vaccinationSlot.testScript.VaccinationSlot" tests="2" failures="0" timestamp="22 Jun 2021 20:36:18 GMT" time="3.592" errors="0">
  <testcase name="openBrowser" time="3.592" classname="automation.vaccinationSlot.testScript.VaccinationSlot"/>
  <testcase name="searchByPIN" classname="automation.vaccinationSlot.testScript.VaccinationSlot">
    <skipped/>
  </testcase> <!-- searchByPIN -->
</testsuite> <!-- automation.vaccinationSlot.testScript.VaccinationSlot -->
