<?xml version="1.0" encoding="UTF-8"?>
<!-- Generated by org.testng.reporters.JUnitReportReporter -->
<testsuite skipped="0" hostname="DESKTOP-DP4FKH7" name="automation.vaccinationSlot.testScript.AmazoneAddToCart" tests="1" failures="0" timestamp="21 Jun 2021 18:41:24 GMT" time="8.998" errors="0">
  <testcase name="navigatoHomepage" time="8.998" classname="automation.vaccinationSlot.testScript.AmazoneAddToCart"/>
</testsuite> <!-- automation.vaccinationSlot.testScript.AmazoneAddToCart -->
